01:38:40 **** Incremental Build of configuration Debug for project 4-Animation_Move_From_A_To_F ****
make all 
Building file: ../main.c
Invoking: AVR Compiler
avr-gcc -Wall -g2 -gstabs -O0 -fpack-struct -fshort-enums -ffunction-sections -fdata-sections -std=gnu99 -funsigned-char -funsigned-bitfields -mmcu=atmega32 -DF_CPU=8000000UL -MMD -MP -MF"main.d" -MT"main.o" -c -o "main.o" "../main.c"
In file included from ../main.c:9:
d:/embedded systems diploma/tools/imt_sdk_win_64/winavr/lib/gcc/../../avr/include/Util/delay.h:90:3: warning: #warning "Compiler optimizations disabled; functions from <util/delay.h> won't work as designed"
../main.c:21: warning: return type of 'main' is not 'int'
Finished building: ../main.c
 
Building target: 4-Animation_Move_From_A_To_F.elf
Invoking: AVR C Linker
avr-gcc -Wl,-Map,4-Animation_Move_From_A_To_F.map -mmcu=atmega32 -o "4-Animation_Move_From_A_To_F.elf"  ./DIO_program.o ./SSD_program.o ./main.o   
Finished building target: 4-Animation_Move_From_A_To_F.elf
 
Invoking: AVR Create Extended Listing
avr-objdump -h -S 4-Animation_Move_From_A_To_F.elf  >"4-Animation_Move_From_A_To_F.lss"
Finished building: 4-Animation_Move_From_A_To_F.lss
 
Create Flash image (ihex format)
avr-objcopy -R .eeprom -R .fuse -R .lock -R .signature -O ihex 4-Animation_Move_From_A_To_F.elf  "4-Animation_Move_From_A_To_F.hex"
Finished building: 4-Animation_Move_From_A_To_F.hex
 
Invoking: Print Size
avr-size --format=avr --mcu=atmega32 4-Animation_Move_From_A_To_F.elf
AVR Memory Usage
----------------
Device: atmega32

Program:    6518 bytes (19.9% Full)
(.text + .data + .bootloader)

Data:         18 bytes (0.9% Full)
(.data + .bss + .noinit)


Finished building: sizedummy
 

01:38:41 Build Finished (took 690ms)

